{"/Users/noahflint/turing/4module/projects/quantified-self/app.js": {"path":"/Users/noahflint/turing/4module/projects/quantified-self/app.js","statementMap":{"0":{"start":{"line":1,"column":14},"end":{"line":1,"column":32}},"1":{"start":{"line":2,"column":11},"end":{"line":2,"column":26}},"2":{"start":{"line":3,"column":19},"end":{"line":3,"column":43}},"3":{"start":{"line":4,"column":13},"end":{"line":4,"column":30}},"4":{"start":{"line":6,"column":18},"end":{"line":6,"column":43}},"5":{"start":{"line":7,"column":18},"end":{"line":7,"column":70}},"6":{"start":{"line":9,"column":10},"end":{"line":9,"column":19}},"7":{"start":{"line":11,"column":0},"end":{"line":11,"column":23}},"8":{"start":{"line":12,"column":0},"end":{"line":12,"column":24}},"9":{"start":{"line":13,"column":0},"end":{"line":13,"column":49}},"10":{"start":{"line":14,"column":0},"end":{"line":14,"column":24}},"11":{"start":{"line":15,"column":0},"end":{"line":15,"column":56}},"12":{"start":{"line":17,"column":0},"end":{"line":17,"column":26}},"13":{"start":{"line":18,"column":0},"end":{"line":18,"column":38}},"14":{"start":{"line":19,"column":0},"end":{"line":19,"column":42}},"15":{"start":{"line":21,"column":0},"end":{"line":21,"column":21}}},"fnMap":{},"branchMap":{},"s":{"0":2,"1":2,"2":2,"3":2,"4":2,"5":2,"6":2,"7":2,"8":2,"9":2,"10":2,"11":2,"12":2,"13":2,"14":2,"15":2},"f":{},"b":{},"_coverageSchema":"43e27e138ebf9cfc5966b082cf9a028302ed4184","hash":"984ce88b534b952dfe74ec9b02ef44a5200d4c3a"}
,"/Users/noahflint/turing/4module/projects/quantified-self/config/config.js": {"path":"/Users/noahflint/turing/4module/projects/quantified-self/config/config.js","statementMap":{"0":{"start":{"line":1,"column":15},"end":{"line":1,"column":32}},"1":{"start":{"line":2,"column":0},"end":{"line":2,"column":16}},"2":{"start":{"line":4,"column":13},"end":{"line":24,"column":1}},"3":{"start":{"line":26,"column":0},"end":{"line":26,"column":24}}},"fnMap":{},"branchMap":{},"s":{"0":2,"1":2,"2":2,"3":2},"f":{},"b":{},"_coverageSchema":"43e27e138ebf9cfc5966b082cf9a028302ed4184","hash":"d831c99418ab06d41e8ab16065f7c16b1fc6f1aa"}
,"/Users/noahflint/turing/4module/projects/quantified-self/models/food.js": {"path":"/Users/noahflint/turing/4module/projects/quantified-self/models/food.js","statementMap":{"0":{"start":{"line":2,"column":0},"end":{"line":11,"column":2}},"1":{"start":{"line":3,"column":15},"end":{"line":6,"column":8}},"2":{"start":{"line":7,"column":2},"end":{"line":9,"column":4}},"3":{"start":{"line":10,"column":2},"end":{"line":10,"column":14}}},"fnMap":{"0":{"name":"(anonymous_0)","decl":{"start":{"line":2,"column":17},"end":{"line":2,"column":18}},"loc":{"start":{"line":2,"column":43},"end":{"line":11,"column":1}},"line":2},"1":{"name":"(anonymous_1)","decl":{"start":{"line":7,"column":19},"end":{"line":7,"column":20}},"loc":{"start":{"line":7,"column":36},"end":{"line":9,"column":3}},"line":7}},"branchMap":{},"s":{"0":2,"1":2,"2":2,"3":2},"f":{"0":2,"1":2},"b":{},"_coverageSchema":"43e27e138ebf9cfc5966b082cf9a028302ed4184","hash":"a38866959ac2f8215fd0d460c1e1cc146abd9d23"}
,"/Users/noahflint/turing/4module/projects/quantified-self/models/index.js": {"path":"/Users/noahflint/turing/4module/projects/quantified-self/models/index.js","statementMap":{"0":{"start":{"line":3,"column":11},"end":{"line":3,"column":24}},"1":{"start":{"line":4,"column":13},"end":{"line":4,"column":28}},"2":{"start":{"line":5,"column":18},"end":{"line":5,"column":38}},"3":{"start":{"line":6,"column":17},"end":{"line":6,"column":42}},"4":{"start":{"line":7,"column":12},"end":{"line":7,"column":49}},"5":{"start":{"line":8,"column":15},"end":{"line":8,"column":63}},"6":{"start":{"line":9,"column":11},"end":{"line":9,"column":13}},"7":{"start":{"line":12,"column":0},"end":{"line":16,"column":1}},"8":{"start":{"line":13,"column":2},"end":{"line":13,"column":74}},"9":{"start":{"line":15,"column":2},"end":{"line":15,"column":87}},"10":{"start":{"line":18,"column":0},"end":{"line":26,"column":5}},"11":{"start":{"line":21,"column":4},"end":{"line":21,"column":90}},"12":{"start":{"line":24,"column":18},"end":{"line":24,"column":65}},"13":{"start":{"line":25,"column":4},"end":{"line":25,"column":27}},"14":{"start":{"line":28,"column":0},"end":{"line":32,"column":3}},"15":{"start":{"line":29,"column":2},"end":{"line":31,"column":3}},"16":{"start":{"line":30,"column":4},"end":{"line":30,"column":32}},"17":{"start":{"line":34,"column":0},"end":{"line":34,"column":25}},"18":{"start":{"line":35,"column":0},"end":{"line":35,"column":25}},"19":{"start":{"line":37,"column":0},"end":{"line":37,"column":20}}},"fnMap":{"0":{"name":"(anonymous_0)","decl":{"start":{"line":20,"column":10},"end":{"line":20,"column":11}},"loc":{"start":{"line":20,"column":18},"end":{"line":22,"column":3}},"line":20},"1":{"name":"(anonymous_1)","decl":{"start":{"line":23,"column":11},"end":{"line":23,"column":12}},"loc":{"start":{"line":23,"column":19},"end":{"line":26,"column":3}},"line":23},"2":{"name":"(anonymous_2)","decl":{"start":{"line":28,"column":24},"end":{"line":28,"column":25}},"loc":{"start":{"line":28,"column":37},"end":{"line":32,"column":1}},"line":28}},"branchMap":{"0":{"loc":{"start":{"line":7,"column":12},"end":{"line":7,"column":49}},"type":"binary-expr","locations":[{"start":{"line":7,"column":12},"end":{"line":7,"column":32}},{"start":{"line":7,"column":36},"end":{"line":7,"column":49}}],"line":7},"1":{"loc":{"start":{"line":12,"column":0},"end":{"line":16,"column":1}},"type":"if","locations":[{"start":{"line":12,"column":0},"end":{"line":16,"column":1}},{"start":{"line":12,"column":0},"end":{"line":16,"column":1}}],"line":12},"2":{"loc":{"start":{"line":21,"column":11},"end":{"line":21,"column":89}},"type":"binary-expr","locations":[{"start":{"line":21,"column":12},"end":{"line":21,"column":35}},{"start":{"line":21,"column":41},"end":{"line":21,"column":58}},{"start":{"line":21,"column":64},"end":{"line":21,"column":88}}],"line":21},"3":{"loc":{"start":{"line":29,"column":2},"end":{"line":31,"column":3}},"type":"if","locations":[{"start":{"line":29,"column":2},"end":{"line":31,"column":3}},{"start":{"line":29,"column":2},"end":{"line":31,"column":3}}],"line":29}},"s":{"0":2,"1":2,"2":2,"3":2,"4":2,"5":2,"6":2,"7":2,"8":0,"9":2,"10":2,"11":4,"12":2,"13":2,"14":2,"15":2,"16":2,"17":2,"18":2,"19":2},"f":{"0":4,"1":2,"2":2},"b":{"0":[2,0],"1":[0,2],"2":[4,4,2],"3":[2,0]},"_coverageSchema":"43e27e138ebf9cfc5966b082cf9a028302ed4184","hash":"3e74c725d736ce1163b2e46948d0134dd849078c"}
,"/Users/noahflint/turing/4module/projects/quantified-self/routes/index.js": {"path":"/Users/noahflint/turing/4module/projects/quantified-self/routes/index.js","statementMap":{"0":{"start":{"line":1,"column":14},"end":{"line":1,"column":32}},"1":{"start":{"line":2,"column":13},"end":{"line":2,"column":29}},"2":{"start":{"line":5,"column":0},"end":{"line":7,"column":3}},"3":{"start":{"line":6,"column":2},"end":{"line":6,"column":44}},"4":{"start":{"line":9,"column":0},"end":{"line":9,"column":24}}},"fnMap":{"0":{"name":"(anonymous_0)","decl":{"start":{"line":5,"column":16},"end":{"line":5,"column":17}},"loc":{"start":{"line":5,"column":41},"end":{"line":7,"column":1}},"line":5}},"branchMap":{},"s":{"0":2,"1":2,"2":2,"3":0,"4":2},"f":{"0":0},"b":{},"_coverageSchema":"43e27e138ebf9cfc5966b082cf9a028302ed4184","hash":"a7f91005aa317835bd8952c0c854278dc62d7e52"}
,"/Users/noahflint/turing/4module/projects/quantified-self/routes/api/v1/foods/foods_controller.js": {"path":"/Users/noahflint/turing/4module/projects/quantified-self/routes/api/v1/foods/foods_controller.js","statementMap":{"0":{"start":{"line":1,"column":14},"end":{"line":1,"column":32}},"1":{"start":{"line":2,"column":13},"end":{"line":2,"column":29}},"2":{"start":{"line":3,"column":11},"end":{"line":3,"column":45}},"3":{"start":{"line":4,"column":20},"end":{"line":4,"column":55}},"4":{"start":{"line":7,"column":0},"end":{"line":16,"column":3}},"5":{"start":{"line":8,"column":2},"end":{"line":15,"column":3}},"6":{"start":{"line":9,"column":16},"end":{"line":9,"column":36}},"7":{"start":{"line":10,"column":4},"end":{"line":10,"column":36}},"8":{"start":{"line":11,"column":4},"end":{"line":11,"column":48}},"9":{"start":{"line":13,"column":4},"end":{"line":13,"column":36}},"10":{"start":{"line":14,"column":4},"end":{"line":14,"column":33}},"11":{"start":{"line":19,"column":0},"end":{"line":33,"column":3}},"12":{"start":{"line":20,"column":11},"end":{"line":20,"column":24}},"13":{"start":{"line":21,"column":2},"end":{"line":32,"column":3}},"14":{"start":{"line":22,"column":15},"end":{"line":26,"column":6}},"15":{"start":{"line":27,"column":4},"end":{"line":27,"column":36}},"16":{"start":{"line":28,"column":4},"end":{"line":28,"column":47}},"17":{"start":{"line":30,"column":4},"end":{"line":30,"column":36}},"18":{"start":{"line":31,"column":4},"end":{"line":31,"column":35}},"19":{"start":{"line":35,"column":0},"end":{"line":35,"column":24}}},"fnMap":{"0":{"name":"(anonymous_0)","decl":{"start":{"line":7,"column":16},"end":{"line":7,"column":17}},"loc":{"start":{"line":7,"column":47},"end":{"line":16,"column":1}},"line":7},"1":{"name":"(anonymous_1)","decl":{"start":{"line":19,"column":19},"end":{"line":19,"column":20}},"loc":{"start":{"line":19,"column":51},"end":{"line":33,"column":1}},"line":19}},"branchMap":{},"s":{"0":2,"1":2,"2":2,"3":2,"4":2,"5":2,"6":2,"7":2,"8":2,"9":0,"10":0,"11":2,"12":1,"13":1,"14":1,"15":1,"16":1,"17":0,"18":0,"19":2},"f":{"0":2,"1":1},"b":{},"_coverageSchema":"43e27e138ebf9cfc5966b082cf9a028302ed4184","hash":"3eca964604538fdadc486b1941f61c3df3db4ba1"}
}
